                                                          Cloudy 17.02
                                                         www.nublado.org

                       **************************************17Jun01**************************************
                       *                                                                                 *
                       * title model4                                                                    *
                       * set punch prefix "model4"                                                       *
                       * distance = 300000000.0 parsecs linear                                           *
                       * print last                                                                      *
                       * CMB redshift 0.2000000                                                          *
                       * CONSTANT TEMPERATURE 4.00000 K Log                                              *
                       * stop temperature = 10K  linear                                                  *
                       * table HM96  factor=-2                                                           *
                       * hden -2.5                                                                       *
                       * metals -1                                                                       *
                       * stop proton column density 15.500000                                            *
                       * no molecules                                                                    *
                       * iterate                                                                         *
                       * save last radius ".rad"                                                         *
                       * save last continuum ".cont"                                                     *
                       * save last physical conditions ".phy"                                            *
                       * save last overview ".ovr"                                                       *
                       * save last element nitrogen ".ele_N"                                             *
                       * save last lines emissivity ".emis"                                              *
parse_save_line: found junk at end of input line:
  Si  3 1206A 
        ^
 [Stop in parse_save_line at save_line.cpp:88, something went wrong]
