                                                          Cloudy 17.02
                                                         www.nublado.org

                       **************************************17Jun01**************************************
                       *                                                                                 *
                       * title model4                                                                    *
                       * set punch prefix "model4"                                                       *
                       * distance = 300000000.0 parsecs linear                                           *
                       * print last                                                                      *
                       * CMB redshift 0.2000000                                                          *
                       * CONSTANT TEMPERATURE 6 K Log                                                    *
                       * stop temperature = 10K  linear                                                  *
                       * table HM96  factor=-2                                                           *
                       * hden -2.5                                                                       *
                       * metals -1                                                                       *
                       * stop proton column density 15.500000                                            *
                       * no molecules                                                                    *
                       * iterate                                                                         *
                       * save last radius ".rad"                                                         *
                       * save last continuum ".cont"                                                     *
                       * save last physical conditions ".phy"                                            *
                       * save last overview ".ovr"                                                       *
                       * save last heating ".heat"                                                       *
                       * save last cooling ".cool"                                                       *
                       * save last optical depth ".opd"                                                  *
                       * save last element hydrogen ".ele_H"                                             *
                       * save last element oxygen ".ele_O"                                               *
                       * save last collision ".coll_"                                                    *
ParseSave cannot find a recognized keyword on this SAVE command line.
Sorry.
 [Stop in ParseSave at parse_save.cpp:2410, something went wrong]
